2021/11/24 09:53:52 [emerg] 1#1: host not found in upstream "app" in /etc/nginx/conf.d/siakad.conf:10
2021/11/24 09:53:55 [emerg] 1#1: host not found in upstream "app" in /etc/nginx/conf.d/siakad.conf:10
2021/11/24 09:53:58 [emerg] 1#1: host not found in upstream "app" in /etc/nginx/conf.d/siakad.conf:10
2021/11/24 09:54:01 [emerg] 1#1: host not found in upstream "app" in /etc/nginx/conf.d/siakad.conf:10
2021/11/24 09:54:04 [emerg] 1#1: host not found in upstream "app" in /etc/nginx/conf.d/siakad.conf:10
2021/11/24 09:54:07 [emerg] 1#1: host not found in upstream "app" in /etc/nginx/conf.d/siakad.conf:10
2021/11/24 09:54:31 [emerg] 1#1: host not found in upstream "app" in /etc/nginx/conf.d/siakad.conf:10
2021/11/24 09:54:35 [emerg] 1#1: host not found in upstream "app" in /etc/nginx/conf.d/siakad.conf:10
2021/11/24 09:54:38 [emerg] 1#1: host not found in upstream "app" in /etc/nginx/conf.d/siakad.conf:10
2021/11/24 09:54:41 [emerg] 1#1: host not found in upstream "app" in /etc/nginx/conf.d/siakad.conf:10
2021/11/24 09:54:43 [emerg] 1#1: host not found in upstream "app" in /etc/nginx/conf.d/siakad.conf:10
2021/11/24 09:54:46 [emerg] 1#1: host not found in upstream "app" in /etc/nginx/conf.d/siakad.conf:10
2021/11/24 09:54:51 [emerg] 1#1: host not found in upstream "app" in /etc/nginx/conf.d/siakad.conf:10
2021/11/24 09:54:59 [emerg] 1#1: host not found in upstream "app" in /etc/nginx/conf.d/siakad.conf:10
2021/11/24 09:55:35 [emerg] 1#1: host not found in upstream "app" in /etc/nginx/conf.d/siakad.conf:10
2021/11/24 09:55:39 [emerg] 1#1: host not found in upstream "app" in /etc/nginx/conf.d/siakad.conf:10
2021/11/24 09:55:41 [emerg] 1#1: host not found in upstream "app" in /etc/nginx/conf.d/siakad.conf:10
2021/11/24 09:55:44 [emerg] 1#1: host not found in upstream "app" in /etc/nginx/conf.d/siakad.conf:10
2021/11/24 09:55:47 [emerg] 1#1: host not found in upstream "app" in /etc/nginx/conf.d/siakad.conf:10
2021/11/24 09:55:50 [emerg] 1#1: host not found in upstream "app" in /etc/nginx/conf.d/siakad.conf:10
2021/11/24 09:55:56 [emerg] 1#1: host not found in upstream "app" in /etc/nginx/conf.d/siakad.conf:10
2021/11/24 09:56:04 [emerg] 1#1: host not found in upstream "app" in /etc/nginx/conf.d/siakad.conf:10
2021/11/24 09:56:18 [emerg] 1#1: host not found in upstream "app" in /etc/nginx/conf.d/siakad.conf:10
2021/11/24 09:56:45 [emerg] 1#1: host not found in upstream "app" in /etc/nginx/conf.d/siakad.conf:10
2021/11/24 09:58:09 [emerg] 1#1: host not found in upstream "mk" in /etc/nginx/conf.d/siakad.conf:10
2021/11/24 09:58:13 [emerg] 1#1: host not found in upstream "mk" in /etc/nginx/conf.d/siakad.conf:10
2021/11/24 09:58:16 [emerg] 1#1: host not found in upstream "mk" in /etc/nginx/conf.d/siakad.conf:10
2021/11/24 09:58:19 [emerg] 1#1: host not found in upstream "mk" in /etc/nginx/conf.d/siakad.conf:10
2021/11/24 09:58:22 [emerg] 1#1: host not found in upstream "mk" in /etc/nginx/conf.d/siakad.conf:10
2021/11/24 09:58:24 [emerg] 1#1: host not found in upstream "mk" in /etc/nginx/conf.d/siakad.conf:10
2021/11/24 09:58:29 [emerg] 1#1: host not found in upstream "mk" in /etc/nginx/conf.d/siakad.conf:10
2021/11/24 09:58:37 [emerg] 1#1: host not found in upstream "mk" in /etc/nginx/conf.d/siakad.conf:10
2021/11/24 10:00:26 [emerg] 1#1: host not found in upstream "mk" in /etc/nginx/conf.d/siakad.conf:10
2021/11/24 10:00:29 [emerg] 1#1: host not found in upstream "mk" in /etc/nginx/conf.d/siakad.conf:10
2021/11/24 10:00:31 [emerg] 1#1: host not found in upstream "mk" in /etc/nginx/conf.d/siakad.conf:10
2021/11/24 10:00:34 [emerg] 1#1: host not found in upstream "mk" in /etc/nginx/conf.d/siakad.conf:10
2021/11/24 10:00:37 [emerg] 1#1: host not found in upstream "mk" in /etc/nginx/conf.d/siakad.conf:10
2021/11/24 10:00:40 [emerg] 1#1: host not found in upstream "mk" in /etc/nginx/conf.d/siakad.conf:10
2021/11/24 10:00:44 [emerg] 1#1: host not found in upstream "mk" in /etc/nginx/conf.d/siakad.conf:10
2021/11/24 10:03:12 [emerg] 1#1: host not found in upstream "mk" in /etc/nginx/conf.d/siakad.conf:10
2021/11/24 10:03:14 [emerg] 1#1: host not found in upstream "mk" in /etc/nginx/conf.d/siakad.conf:10
2021/11/24 10:03:17 [emerg] 1#1: host not found in upstream "mk" in /etc/nginx/conf.d/siakad.conf:10
2021/11/24 10:03:20 [emerg] 1#1: host not found in upstream "mk" in /etc/nginx/conf.d/siakad.conf:10
2021/11/24 10:03:24 [emerg] 1#1: host not found in upstream "mk" in /etc/nginx/conf.d/siakad.conf:10
2021/11/24 10:03:28 [emerg] 1#1: host not found in upstream "mk" in /etc/nginx/conf.d/siakad.conf:10
2021/11/24 10:03:34 [emerg] 1#1: host not found in upstream "mk" in /etc/nginx/conf.d/siakad.conf:10
2021/11/24 10:05:38 [emerg] 1#1: host not found in upstream "mk" in /etc/nginx/conf.d/siakad.conf:10
2021/11/24 10:05:41 [emerg] 1#1: host not found in upstream "mk" in /etc/nginx/conf.d/siakad.conf:10
2021/11/24 10:05:43 [emerg] 1#1: host not found in upstream "mk" in /etc/nginx/conf.d/siakad.conf:10
2021/11/24 10:05:46 [emerg] 1#1: host not found in upstream "mk" in /etc/nginx/conf.d/siakad.conf:10
2021/11/24 10:07:57 [emerg] 1#1: host not found in upstream "mk" in /etc/nginx/conf.d/siakad.conf:10
2021/11/24 10:07:59 [emerg] 1#1: host not found in upstream "mk" in /etc/nginx/conf.d/siakad.conf:10
2021/11/24 10:08:02 [emerg] 1#1: host not found in upstream "mk" in /etc/nginx/conf.d/siakad.conf:10
2021/11/24 10:08:04 [emerg] 1#1: host not found in upstream "mk" in /etc/nginx/conf.d/siakad.conf:10
2021/11/24 10:08:07 [emerg] 1#1: host not found in upstream "mk" in /etc/nginx/conf.d/siakad.conf:10
2021/12/01 01:44:57 [emerg] 1#1: host not found in upstream "mk" in /etc/nginx/conf.d/siakad.conf:10
2021/12/01 01:45:02 [emerg] 1#1: host not found in upstream "mk" in /etc/nginx/conf.d/siakad.conf:10
2021/12/01 01:45:05 [emerg] 1#1: host not found in upstream "mk" in /etc/nginx/conf.d/siakad.conf:10
2021/12/01 01:45:08 [emerg] 1#1: host not found in upstream "mk" in /etc/nginx/conf.d/siakad.conf:10
2021/12/01 01:45:11 [emerg] 1#1: host not found in upstream "mk" in /etc/nginx/conf.d/siakad.conf:10
2021/12/01 01:45:15 [emerg] 1#1: host not found in upstream "mk" in /etc/nginx/conf.d/siakad.conf:10
2021/12/01 01:45:21 [emerg] 1#1: host not found in upstream "mk" in /etc/nginx/conf.d/siakad.conf:10
2021/12/01 01:45:29 [emerg] 1#1: host not found in upstream "mk" in /etc/nginx/conf.d/siakad.conf:10
2021/12/01 02:10:13 [emerg] 1#1: host not found in upstream "mk" in /etc/nginx/conf.d/siakad.conf:10
2021/12/01 02:10:16 [emerg] 1#1: host not found in upstream "mk" in /etc/nginx/conf.d/siakad.conf:10
2021/12/01 02:10:18 [emerg] 1#1: host not found in upstream "mk" in /etc/nginx/conf.d/siakad.conf:10
2021/12/01 02:10:21 [emerg] 1#1: host not found in upstream "mk" in /etc/nginx/conf.d/siakad.conf:10
2021/12/01 02:10:24 [emerg] 1#1: host not found in upstream "mk" in /etc/nginx/conf.d/siakad.conf:10
2021/12/01 02:10:26 [emerg] 1#1: host not found in upstream "mk" in /etc/nginx/conf.d/siakad.conf:10
2021/12/01 02:10:31 [emerg] 1#1: host not found in upstream "mk" in /etc/nginx/conf.d/siakad.conf:10
2021/12/01 02:10:39 [emerg] 1#1: host not found in upstream "mk" in /etc/nginx/conf.d/siakad.conf:10
2021/12/01 02:10:53 [emerg] 1#1: host not found in upstream "mk" in /etc/nginx/conf.d/siakad.conf:10
2021/12/01 02:11:20 [emerg] 1#1: host not found in upstream "mk" in /etc/nginx/conf.d/siakad.conf:10
2021/12/01 02:12:13 [emerg] 1#1: host not found in upstream "mk" in /etc/nginx/conf.d/siakad.conf:10
2021/12/01 02:13:14 [emerg] 1#1: host not found in upstream "mk" in /etc/nginx/conf.d/siakad.conf:10
2021/12/01 02:14:15 [emerg] 1#1: host not found in upstream "mk" in /etc/nginx/conf.d/siakad.conf:10
2021/12/01 02:15:17 [emerg] 1#1: host not found in upstream "mk" in /etc/nginx/conf.d/siakad.conf:10
2021/12/01 02:16:19 [emerg] 1#1: host not found in upstream "mk" in /etc/nginx/conf.d/siakad.conf:10
2021/12/01 02:17:20 [emerg] 1#1: host not found in upstream "mk" in /etc/nginx/conf.d/siakad.conf:10
2021/12/01 02:42:30 [emerg] 1#1: host not found in upstream "mk" in /etc/nginx/conf.d/default.conf:10
2021/12/01 02:42:32 [emerg] 1#1: host not found in upstream "mk" in /etc/nginx/conf.d/default.conf:10
2021/12/01 02:42:35 [emerg] 1#1: host not found in upstream "mk" in /etc/nginx/conf.d/default.conf:10
2021/12/01 02:42:37 [emerg] 1#1: host not found in upstream "mk" in /etc/nginx/conf.d/default.conf:10
2021/12/01 02:42:40 [emerg] 1#1: host not found in upstream "mk" in /etc/nginx/conf.d/default.conf:10
2021/12/01 02:42:42 [emerg] 1#1: host not found in upstream "mk" in /etc/nginx/conf.d/default.conf:10
2021/12/01 02:42:47 [emerg] 1#1: host not found in upstream "mk" in /etc/nginx/conf.d/default.conf:10
2021/12/01 02:42:54 [emerg] 1#1: host not found in upstream "mk" in /etc/nginx/conf.d/default.conf:10
2021/12/01 02:43:08 [emerg] 1#1: host not found in upstream "mk" in /etc/nginx/conf.d/default.conf:10
2021/12/01 02:43:35 [emerg] 1#1: host not found in upstream "mk" in /etc/nginx/conf.d/default.conf:10
2021/12/01 02:44:27 [emerg] 1#1: host not found in upstream "mk" in /etc/nginx/conf.d/default.conf:10
2021/12/01 02:45:30 [emerg] 1#1: host not found in upstream "mk" in /etc/nginx/conf.d/default.conf:10
2021/12/01 02:46:31 [emerg] 1#1: host not found in upstream "mk" in /etc/nginx/conf.d/default.conf:10
2021/12/01 02:47:33 [emerg] 1#1: host not found in upstream "mk" in /etc/nginx/conf.d/default.conf:10
2021/12/01 02:48:34 [emerg] 1#1: host not found in upstream "mk" in /etc/nginx/conf.d/default.conf:10
2021/12/01 02:49:35 [emerg] 1#1: host not found in upstream "mk_siakad" in /etc/nginx/conf.d/siakad.conf:10
2021/12/01 02:50:58 [emerg] 1#1: host not found in upstream "mk_siakad" in /etc/nginx/conf.d/siakad.conf:10
2021/12/01 02:51:01 [emerg] 1#1: host not found in upstream "mk_siakad" in /etc/nginx/conf.d/siakad.conf:10
2021/12/01 02:51:03 [emerg] 1#1: host not found in upstream "mk_siakad" in /etc/nginx/conf.d/siakad.conf:10
2021/12/01 02:51:05 [emerg] 1#1: host not found in upstream "mk_siakad" in /etc/nginx/conf.d/siakad.conf:10
2021/12/01 02:51:08 [emerg] 1#1: host not found in upstream "mk_siakad" in /etc/nginx/conf.d/siakad.conf:10
2021/12/01 02:51:11 [emerg] 1#1: host not found in upstream "mk_siakad" in /etc/nginx/conf.d/siakad.conf:10
2021/12/01 02:51:15 [emerg] 1#1: host not found in upstream "mk_siakad" in /etc/nginx/conf.d/siakad.conf:10
2021/12/01 02:51:23 [emerg] 1#1: host not found in upstream "mk_siakad" in /etc/nginx/conf.d/siakad.conf:10
2021/12/01 02:51:37 [emerg] 1#1: host not found in upstream "mk_siakad" in /etc/nginx/conf.d/siakad.conf:10
2021/12/01 02:52:04 [emerg] 1#1: host not found in upstream "mk_siakad" in /etc/nginx/conf.d/siakad.conf:10
2021/12/01 02:52:57 [emerg] 1#1: host not found in upstream "mk_siakad" in /etc/nginx/conf.d/siakad.conf:10
2021/12/01 02:53:58 [emerg] 1#1: host not found in upstream "mk_siakad" in /etc/nginx/conf.d/siakad.conf:10
2021/12/01 02:57:12 [emerg] 1#1: host not found in upstream "mk_siakad:9004" in /etc/nginx/conf.d/siakad.conf:2
2021/12/01 02:57:15 [emerg] 1#1: host not found in upstream "mk_siakad:9004" in /etc/nginx/conf.d/siakad.conf:2
2021/12/01 02:57:17 [emerg] 1#1: host not found in upstream "mk_siakad:9004" in /etc/nginx/conf.d/siakad.conf:2
2021/12/01 02:57:20 [emerg] 1#1: host not found in upstream "mk_siakad:9004" in /etc/nginx/conf.d/siakad.conf:2
2021/12/01 02:57:22 [emerg] 1#1: host not found in upstream "mk_siakad:9004" in /etc/nginx/conf.d/siakad.conf:2
2021/12/01 02:57:25 [emerg] 1#1: host not found in upstream "mk_siakad:9004" in /etc/nginx/conf.d/siakad.conf:2
2021/12/01 02:57:29 [emerg] 1#1: host not found in upstream "mk_siakad:9004" in /etc/nginx/conf.d/siakad.conf:2
2021/12/01 02:57:37 [emerg] 1#1: host not found in upstream "mk_siakad:9004" in /etc/nginx/conf.d/siakad.conf:2
2021/12/01 02:57:51 [emerg] 1#1: host not found in upstream "mk_siakad:9004" in /etc/nginx/conf.d/siakad.conf:2
2021/12/01 02:58:18 [emerg] 1#1: host not found in upstream "mk_siakad:9004" in /etc/nginx/conf.d/siakad.conf:2
2021/12/01 02:58:58 [emerg] 1#1: host not found in upstream "app:9004" in /etc/nginx/conf.d/siakad.conf:2
2021/12/01 02:59:01 [emerg] 1#1: host not found in upstream "app:9004" in /etc/nginx/conf.d/siakad.conf:2
2021/12/01 02:59:03 [emerg] 1#1: host not found in upstream "app:9004" in /etc/nginx/conf.d/siakad.conf:2
2021/12/01 02:59:06 [emerg] 1#1: host not found in upstream "app:9004" in /etc/nginx/conf.d/siakad.conf:2
2021/12/01 02:59:08 [emerg] 1#1: host not found in upstream "app:9004" in /etc/nginx/conf.d/siakad.conf:2
2021/12/01 02:59:11 [emerg] 1#1: host not found in upstream "app:9004" in /etc/nginx/conf.d/siakad.conf:2
2021/12/01 02:59:15 [emerg] 1#1: host not found in upstream "app:9004" in /etc/nginx/conf.d/siakad.conf:2
2021/12/01 02:59:23 [emerg] 1#1: host not found in upstream "app:9004" in /etc/nginx/conf.d/siakad.conf:2
2021/12/01 02:59:37 [emerg] 1#1: host not found in upstream "app:9004" in /etc/nginx/conf.d/siakad.conf:2
2021/12/01 03:00:04 [emerg] 1#1: host not found in upstream "app:9004" in /etc/nginx/conf.d/siakad.conf:2
2021/12/01 03:00:57 [emerg] 1#1: host not found in upstream "app:9004" in /etc/nginx/conf.d/siakad.conf:2
2021/12/01 03:01:32 [emerg] 1#1: host not found in upstream "app:9004" in /etc/nginx/conf.d/siakad.conf:2
2021/12/01 03:01:34 [emerg] 1#1: host not found in upstream "app:9004" in /etc/nginx/conf.d/siakad.conf:2
2021/12/01 03:01:37 [emerg] 1#1: host not found in upstream "app:9004" in /etc/nginx/conf.d/siakad.conf:2
2021/12/01 03:01:40 [emerg] 1#1: host not found in upstream "app:9004" in /etc/nginx/conf.d/siakad.conf:2
2021/12/01 03:04:35 [emerg] 1#1: host not found in upstream "app" in /etc/nginx/conf.d/siakad.conf:10
2021/12/01 03:04:38 [emerg] 1#1: host not found in upstream "app" in /etc/nginx/conf.d/siakad.conf:10
2021/12/01 03:04:41 [emerg] 1#1: host not found in upstream "app" in /etc/nginx/conf.d/siakad.conf:10
2021/12/01 03:04:43 [emerg] 1#1: host not found in upstream "app" in /etc/nginx/conf.d/siakad.conf:10
2021/12/01 03:04:46 [emerg] 1#1: host not found in upstream "app" in /etc/nginx/conf.d/siakad.conf:10
2021/12/01 03:04:49 [emerg] 1#1: host not found in upstream "app" in /etc/nginx/conf.d/siakad.conf:10
2021/12/01 03:04:54 [emerg] 1#1: host not found in upstream "app" in /etc/nginx/conf.d/siakad.conf:10
2021/12/01 03:05:02 [emerg] 1#1: host not found in upstream "app" in /etc/nginx/conf.d/siakad.conf:10
2021/12/01 03:05:16 [emerg] 1#1: host not found in upstream "app" in /etc/nginx/conf.d/siakad.conf:10
2021/12/01 03:05:49 [emerg] 1#1: host not found in upstream "app" in /etc/nginx/conf.d/siakad.conf:10
2021/12/01 03:06:42 [emerg] 1#1: host not found in upstream "app" in /etc/nginx/conf.d/siakad.conf:10
2021/12/01 03:07:43 [emerg] 1#1: host not found in upstream "app" in /etc/nginx/conf.d/siakad.conf:10
2021/12/01 03:08:45 [emerg] 1#1: host not found in upstream "app" in /etc/nginx/conf.d/siakad.conf:10
2021/12/01 03:09:47 [emerg] 1#1: host not found in upstream "app" in /etc/nginx/conf.d/siakad.conf:10
2021/12/01 03:10:48 [emerg] 1#1: host not found in upstream "app" in /etc/nginx/conf.d/siakad.conf:10
2021/12/01 03:11:49 [emerg] 1#1: host not found in upstream "app" in /etc/nginx/conf.d/siakad.conf:10
2021/12/01 03:12:51 [emerg] 1#1: host not found in upstream "app" in /etc/nginx/conf.d/siakad.conf:10
2021/12/01 03:13:52 [emerg] 1#1: host not found in upstream "app" in /etc/nginx/conf.d/siakad.conf:10
2021/12/01 03:14:53 [emerg] 1#1: host not found in upstream "app" in /etc/nginx/conf.d/siakad.conf:10
2021/12/01 03:15:55 [emerg] 1#1: host not found in upstream "app" in /etc/nginx/conf.d/siakad.conf:10
2021/12/01 03:16:56 [emerg] 1#1: host not found in upstream "app" in /etc/nginx/conf.d/siakad.conf:10
2021/12/01 03:17:58 [emerg] 1#1: host not found in upstream "app" in /etc/nginx/conf.d/siakad.conf:10
2021/12/01 03:18:59 [emerg] 1#1: host not found in upstream "app" in /etc/nginx/conf.d/siakad.conf:10
2021/12/01 03:20:00 [emerg] 1#1: host not found in upstream "app" in /etc/nginx/conf.d/siakad.conf:10
2021/12/01 03:21:02 [emerg] 1#1: host not found in upstream "app" in /etc/nginx/conf.d/siakad.conf:10
2021/12/01 03:22:03 [emerg] 1#1: host not found in upstream "app" in /etc/nginx/conf.d/siakad.conf:10
2021/12/01 03:23:05 [emerg] 1#1: host not found in upstream "app" in /etc/nginx/conf.d/siakad.conf:10
2021/12/01 03:24:06 [emerg] 1#1: host not found in upstream "app" in /etc/nginx/conf.d/siakad.conf:10
2021/12/01 03:25:08 [emerg] 1#1: host not found in upstream "app" in /etc/nginx/conf.d/siakad.conf:10
2021/12/01 03:26:09 [emerg] 1#1: host not found in upstream "app" in /etc/nginx/conf.d/siakad.conf:10
2021/12/01 03:27:11 [emerg] 1#1: host not found in upstream "app" in /etc/nginx/conf.d/siakad.conf:10
2021/12/01 03:28:12 [emerg] 1#1: host not found in upstream "app" in /etc/nginx/conf.d/siakad.conf:10
2021/12/01 03:41:20 [emerg] 1#1: host not found in upstream "app" in /etc/nginx/conf.d/siakad.conf:10
2021/12/01 03:41:23 [emerg] 1#1: host not found in upstream "app" in /etc/nginx/conf.d/siakad.conf:10
2021/12/01 03:41:27 [emerg] 1#1: host not found in upstream "app" in /etc/nginx/conf.d/siakad.conf:10
2021/12/01 03:41:29 [emerg] 1#1: host not found in upstream "app" in /etc/nginx/conf.d/siakad.conf:10
2021/12/01 03:41:32 [emerg] 1#1: host not found in upstream "app" in /etc/nginx/conf.d/siakad.conf:10
2021/12/01 03:41:35 [emerg] 1#1: host not found in upstream "app" in /etc/nginx/conf.d/siakad.conf:10
2021/12/01 03:41:40 [emerg] 1#1: host not found in upstream "app" in /etc/nginx/conf.d/siakad.conf:10
2021/12/01 03:41:48 [emerg] 1#1: host not found in upstream "app" in /etc/nginx/conf.d/siakad.conf:10
2021/12/01 03:42:05 [emerg] 1#1: host not found in upstream "app" in /etc/nginx/conf.d/siakad.conf:10
2021/12/01 03:42:34 [emerg] 1#1: host not found in upstream "app" in /etc/nginx/conf.d/siakad.conf:10
2021/12/01 03:44:13 [notice] 1#1: using the "epoll" event method
2021/12/01 03:44:13 [notice] 1#1: nginx/1.21.4
2021/12/01 03:44:13 [notice] 1#1: built by gcc 10.2.1 20210110 (Debian 10.2.1-6) 
2021/12/01 03:44:13 [notice] 1#1: OS: Linux 5.4.0-91-generic
2021/12/01 03:44:13 [notice] 1#1: getrlimit(RLIMIT_NOFILE): 1048576:1048576
2021/12/01 03:44:13 [notice] 1#1: start worker processes
2021/12/01 03:44:13 [notice] 1#1: start worker process 23
2021/12/01 03:44:13 [notice] 1#1: start worker process 24
2021/12/01 03:47:38 [error] 23#23: *1 connect() failed (113: No route to host) while connecting to upstream, client: 172.21.0.1, server: , request: "GET / HTTP/1.1", upstream: "fastcgi://172.21.0.3:9004", host: "127.0.0.1:8000"
2021/12/01 03:47:41 [error] 23#23: *1 connect() failed (113: No route to host) while connecting to upstream, client: 172.21.0.1, server: , request: "GET /favicon.ico HTTP/1.1", upstream: "fastcgi://172.21.0.3:9004", host: "127.0.0.1:8000", referrer: "http://127.0.0.1:8000/"
2021/12/01 03:48:52 [error] 23#23: *4 connect() failed (113: No route to host) while connecting to upstream, client: 127.0.0.1, server: , request: "GET / HTTP/1.1", upstream: "fastcgi://172.21.0.3:9004", host: "localhost"
2021/12/01 03:56:38 [notice] 1#1: using the "epoll" event method
2021/12/01 03:56:38 [notice] 1#1: nginx/1.21.4
2021/12/01 03:56:38 [notice] 1#1: built by gcc 10.2.1 20210110 (Debian 10.2.1-6) 
2021/12/01 03:56:38 [notice] 1#1: OS: Linux 5.4.0-91-generic
2021/12/01 03:56:38 [notice] 1#1: getrlimit(RLIMIT_NOFILE): 1048576:1048576
2021/12/01 03:56:38 [notice] 1#1: start worker processes
2021/12/01 03:56:38 [notice] 1#1: start worker process 21
2021/12/01 03:56:38 [notice] 1#1: start worker process 22
2021/12/01 03:56:56 [error] 21#21: *1 connect() failed (111: Connection refused) while connecting to upstream, client: 172.21.0.1, server: , request: "GET / HTTP/1.1", upstream: "fastcgi://172.21.0.3:9004", host: "localhost:8000"
2021/12/01 03:58:04 [notice] 1#1: signal 3 (SIGQUIT) received, shutting down
2021/12/01 03:58:04 [notice] 22#22: gracefully shutting down
2021/12/01 03:58:04 [notice] 22#22: exiting
2021/12/01 03:58:04 [notice] 22#22: exit
2021/12/01 03:58:04 [notice] 21#21: gracefully shutting down
2021/12/01 03:58:04 [notice] 21#21: exiting
2021/12/01 03:58:04 [notice] 21#21: exit
2021/12/01 03:58:04 [notice] 1#1: signal 17 (SIGCHLD) received from 22
2021/12/01 03:58:04 [notice] 1#1: worker process 22 exited with code 0
2021/12/01 03:58:04 [notice] 1#1: signal 29 (SIGIO) received
2021/12/01 03:58:04 [notice] 1#1: signal 17 (SIGCHLD) received from 21
2021/12/01 03:58:04 [notice] 1#1: worker process 21 exited with code 0
2021/12/01 03:58:04 [notice] 1#1: exit
2021/12/01 03:59:16 [notice] 1#1: using the "epoll" event method
2021/12/01 03:59:16 [notice] 1#1: nginx/1.21.4
2021/12/01 03:59:16 [notice] 1#1: built by gcc 10.2.1 20210110 (Debian 10.2.1-6) 
2021/12/01 03:59:16 [notice] 1#1: OS: Linux 5.4.0-91-generic
2021/12/01 03:59:16 [notice] 1#1: getrlimit(RLIMIT_NOFILE): 1048576:1048576
2021/12/01 03:59:16 [notice] 1#1: start worker processes
2021/12/01 03:59:16 [notice] 1#1: start worker process 22
2021/12/01 03:59:16 [notice] 1#1: start worker process 23
2021/12/01 04:00:13 [notice] 1#1: signal 3 (SIGQUIT) received, shutting down
2021/12/01 04:00:13 [notice] 23#23: gracefully shutting down
2021/12/01 04:00:13 [notice] 23#23: exiting
2021/12/01 04:00:13 [notice] 23#23: exit
2021/12/01 04:00:13 [notice] 22#22: gracefully shutting down
2021/12/01 04:00:13 [notice] 22#22: exiting
2021/12/01 04:00:13 [notice] 22#22: exit
2021/12/01 04:00:13 [notice] 1#1: signal 17 (SIGCHLD) received from 23
2021/12/01 04:00:13 [notice] 1#1: worker process 23 exited with code 0
2021/12/01 04:00:13 [notice] 1#1: signal 29 (SIGIO) received
2021/12/01 04:00:13 [notice] 1#1: signal 17 (SIGCHLD) received from 22
2021/12/01 04:00:13 [notice] 1#1: worker process 22 exited with code 0
2021/12/01 04:00:13 [notice] 1#1: exit
2021/12/01 04:01:01 [notice] 1#1: using the "epoll" event method
2021/12/01 04:01:01 [notice] 1#1: nginx/1.21.4
2021/12/01 04:01:01 [notice] 1#1: built by gcc 10.2.1 20210110 (Debian 10.2.1-6) 
2021/12/01 04:01:01 [notice] 1#1: OS: Linux 5.4.0-91-generic
2021/12/01 04:01:01 [notice] 1#1: getrlimit(RLIMIT_NOFILE): 1048576:1048576
2021/12/01 04:01:01 [notice] 1#1: start worker processes
2021/12/01 04:01:01 [notice] 1#1: start worker process 22
2021/12/01 04:01:01 [notice] 1#1: start worker process 23
2021/12/01 04:01:05 [error] 22#22: *1 connect() failed (111: Connection refused) while connecting to upstream, client: 172.23.0.1, server: , request: "GET / HTTP/1.1", upstream: "fastcgi://172.23.0.3:9004", host: "localhost:8000"
2021/12/01 04:01:13 [notice] 1#1: signal 3 (SIGQUIT) received, shutting down
2021/12/01 04:01:13 [notice] 22#22: gracefully shutting down
2021/12/01 04:01:13 [notice] 23#23: gracefully shutting down
2021/12/01 04:01:13 [notice] 22#22: exiting
2021/12/01 04:01:13 [notice] 23#23: exiting
2021/12/01 04:01:13 [notice] 22#22: exit
2021/12/01 04:01:13 [notice] 23#23: exit
2021/12/01 04:01:13 [notice] 1#1: signal 17 (SIGCHLD) received from 22
2021/12/01 04:01:13 [notice] 1#1: worker process 22 exited with code 0
2021/12/01 04:01:13 [notice] 1#1: signal 29 (SIGIO) received
2021/12/01 04:01:13 [notice] 1#1: signal 17 (SIGCHLD) received from 23
2021/12/01 04:01:13 [notice] 1#1: worker process 23 exited with code 0
2021/12/01 04:01:13 [notice] 1#1: exit
2021/12/01 07:04:48 [notice] 1#1: using the "epoll" event method
2021/12/01 07:04:48 [notice] 1#1: nginx/1.21.4
2021/12/01 07:04:48 [notice] 1#1: built by gcc 10.2.1 20210110 (Debian 10.2.1-6) 
2021/12/01 07:04:48 [notice] 1#1: OS: Linux 5.4.0-91-generic
2021/12/01 07:04:48 [notice] 1#1: getrlimit(RLIMIT_NOFILE): 1048576:1048576
2021/12/01 07:04:48 [notice] 1#1: start worker processes
2021/12/01 07:04:48 [notice] 1#1: start worker process 21
2021/12/01 07:04:48 [notice] 1#1: start worker process 22
2021/12/01 07:05:48 [notice] 1#1: signal 3 (SIGQUIT) received, shutting down
2021/12/01 07:05:48 [notice] 21#21: gracefully shutting down
2021/12/01 07:05:48 [notice] 22#22: gracefully shutting down
2021/12/01 07:05:48 [notice] 21#21: exiting
2021/12/01 07:05:48 [notice] 22#22: exiting
2021/12/01 07:05:48 [notice] 21#21: exit
2021/12/01 07:05:48 [notice] 22#22: exit
2021/12/01 07:05:48 [notice] 1#1: signal 17 (SIGCHLD) received from 21
2021/12/01 07:05:48 [notice] 1#1: worker process 21 exited with code 0
2021/12/01 07:05:48 [notice] 1#1: signal 29 (SIGIO) received
2021/12/01 07:05:48 [notice] 1#1: signal 17 (SIGCHLD) received from 22
2021/12/01 07:05:48 [notice] 1#1: worker process 22 exited with code 0
2021/12/01 07:05:48 [notice] 1#1: exit
2021/12/01 07:06:09 [emerg] 1#1: host not found in upstream "app" in /etc/nginx/conf.d/siakad.conf:10
2021/12/01 07:06:13 [emerg] 1#1: host not found in upstream "app" in /etc/nginx/conf.d/siakad.conf:10
2021/12/01 07:06:15 [emerg] 1#1: host not found in upstream "app" in /etc/nginx/conf.d/siakad.conf:10
2021/12/01 07:06:18 [emerg] 1#1: host not found in upstream "app" in /etc/nginx/conf.d/siakad.conf:10
2021/12/01 07:06:21 [emerg] 1#1: host not found in upstream "app" in /etc/nginx/conf.d/siakad.conf:10
2021/12/01 07:06:23 [emerg] 1#1: host not found in upstream "app" in /etc/nginx/conf.d/siakad.conf:10
2021/12/01 07:07:13 [notice] 1#1: using the "epoll" event method
2021/12/01 07:07:13 [notice] 1#1: nginx/1.21.4
2021/12/01 07:07:13 [notice] 1#1: built by gcc 10.2.1 20210110 (Debian 10.2.1-6) 
2021/12/01 07:07:13 [notice] 1#1: OS: Linux 5.4.0-91-generic
2021/12/01 07:07:13 [notice] 1#1: getrlimit(RLIMIT_NOFILE): 1048576:1048576
2021/12/01 07:07:13 [notice] 1#1: start worker processes
2021/12/01 07:07:13 [notice] 1#1: start worker process 22
2021/12/01 07:07:13 [notice] 1#1: start worker process 23
2021/12/01 07:08:35 [notice] 1#1: signal 3 (SIGQUIT) received, shutting down
2021/12/01 07:08:35 [notice] 23#23: gracefully shutting down
2021/12/01 07:08:35 [notice] 23#23: exiting
2021/12/01 07:08:35 [notice] 23#23: exit
2021/12/01 07:08:35 [notice] 22#22: gracefully shutting down
2021/12/01 07:08:35 [notice] 22#22: exiting
2021/12/01 07:08:35 [notice] 22#22: exit
2021/12/01 07:08:35 [notice] 1#1: signal 17 (SIGCHLD) received from 23
2021/12/01 07:08:35 [notice] 1#1: worker process 23 exited with code 0
2021/12/01 07:08:35 [notice] 1#1: signal 29 (SIGIO) received
2021/12/01 07:08:35 [notice] 1#1: signal 17 (SIGCHLD) received from 22
2021/12/01 07:08:35 [notice] 1#1: worker process 22 exited with code 0
2021/12/01 07:08:35 [notice] 1#1: exit
2021/12/01 07:09:00 [notice] 1#1: using the "epoll" event method
2021/12/01 07:09:00 [notice] 1#1: nginx/1.21.4
2021/12/01 07:09:00 [notice] 1#1: built by gcc 10.2.1 20210110 (Debian 10.2.1-6) 
2021/12/01 07:09:00 [notice] 1#1: OS: Linux 5.4.0-91-generic
2021/12/01 07:09:00 [notice] 1#1: getrlimit(RLIMIT_NOFILE): 1048576:1048576
2021/12/01 07:09:00 [notice] 1#1: start worker processes
2021/12/01 07:09:00 [notice] 1#1: start worker process 22
2021/12/01 07:09:00 [notice] 1#1: start worker process 23
2021/12/01 07:09:46 [notice] 1#1: signal 3 (SIGQUIT) received, shutting down
2021/12/01 07:09:46 [notice] 22#22: gracefully shutting down
2021/12/01 07:09:46 [notice] 22#22: exiting
2021/12/01 07:09:46 [notice] 23#23: gracefully shutting down
2021/12/01 07:09:46 [notice] 23#23: exiting
2021/12/01 07:09:46 [notice] 22#22: exit
2021/12/01 07:09:46 [notice] 23#23: exit
2021/12/01 07:09:46 [notice] 1#1: signal 17 (SIGCHLD) received from 22
2021/12/01 07:09:46 [notice] 1#1: worker process 22 exited with code 0
2021/12/01 07:09:46 [notice] 1#1: worker process 23 exited with code 0
2021/12/01 07:09:46 [notice] 1#1: exit
2021/12/01 07:14:54 [notice] 1#1: using the "epoll" event method
2021/12/01 07:14:54 [notice] 1#1: nginx/1.21.4
2021/12/01 07:14:54 [notice] 1#1: built by gcc 10.2.1 20210110 (Debian 10.2.1-6) 
2021/12/01 07:14:54 [notice] 1#1: OS: Linux 5.4.0-91-generic
2021/12/01 07:14:54 [notice] 1#1: getrlimit(RLIMIT_NOFILE): 1048576:1048576
2021/12/01 07:14:54 [notice] 1#1: start worker processes
2021/12/01 07:14:54 [notice] 1#1: start worker process 22
2021/12/01 07:14:54 [notice] 1#1: start worker process 23
2021/12/01 08:45:24 [notice] 1#1: signal 3 (SIGQUIT) received, shutting down
2021/12/01 08:45:24 [notice] 23#23: gracefully shutting down
2021/12/01 08:45:24 [notice] 23#23: exiting
2021/12/01 08:45:24 [notice] 23#23: exit
2021/12/01 08:45:24 [notice] 22#22: gracefully shutting down
2021/12/01 08:45:24 [notice] 22#22: exiting
2021/12/01 08:45:24 [notice] 22#22: exit
2021/12/01 08:45:25 [notice] 1#1: signal 17 (SIGCHLD) received from 23
2021/12/01 08:45:25 [notice] 1#1: worker process 22 exited with code 0
2021/12/01 08:45:25 [notice] 1#1: worker process 23 exited with code 0
2021/12/01 08:45:25 [notice] 1#1: exit
2021/12/01 08:46:16 [notice] 1#1: using the "epoll" event method
2021/12/01 08:46:16 [notice] 1#1: nginx/1.21.4
2021/12/01 08:46:16 [notice] 1#1: built by gcc 10.2.1 20210110 (Debian 10.2.1-6) 
2021/12/01 08:46:16 [notice] 1#1: OS: Linux 5.4.0-91-generic
2021/12/01 08:46:16 [notice] 1#1: getrlimit(RLIMIT_NOFILE): 1048576:1048576
2021/12/01 08:46:16 [notice] 1#1: start worker processes
2021/12/01 08:46:16 [notice] 1#1: start worker process 22
2021/12/01 08:46:16 [notice] 1#1: start worker process 23
2021/12/02 03:18:02 [notice] 1#1: using the "epoll" event method
2021/12/02 03:18:02 [notice] 1#1: nginx/1.21.4
2021/12/02 03:18:02 [notice] 1#1: built by gcc 10.2.1 20210110 (Debian 10.2.1-6) 
2021/12/02 03:18:02 [notice] 1#1: OS: Linux 5.4.0-91-generic
2021/12/02 03:18:02 [notice] 1#1: getrlimit(RLIMIT_NOFILE): 1048576:1048576
2021/12/02 03:18:02 [notice] 1#1: start worker processes
2021/12/02 03:18:02 [notice] 1#1: start worker process 22
2021/12/02 03:18:02 [notice] 1#1: start worker process 23
2021/12/02 07:13:50 [notice] 1#1: signal 3 (SIGQUIT) received, shutting down
2021/12/02 07:13:50 [notice] 23#23: gracefully shutting down
2021/12/02 07:13:50 [notice] 23#23: exiting
2021/12/02 07:13:50 [notice] 22#22: gracefully shutting down
2021/12/02 07:13:50 [notice] 22#22: exiting
2021/12/02 07:13:50 [notice] 23#23: exit
2021/12/02 07:13:50 [notice] 22#22: exit
2021/12/02 07:13:50 [notice] 1#1: signal 17 (SIGCHLD) received from 22
2021/12/02 07:13:50 [notice] 1#1: worker process 22 exited with code 0
2021/12/02 07:13:50 [notice] 1#1: signal 29 (SIGIO) received
2021/12/02 07:13:50 [notice] 1#1: signal 17 (SIGCHLD) received from 23
2021/12/02 07:13:50 [notice] 1#1: worker process 23 exited with code 0
2021/12/02 07:13:50 [notice] 1#1: exit
2021/12/02 07:37:52 [notice] 1#1: using the "epoll" event method
2021/12/02 07:37:52 [notice] 1#1: nginx/1.21.4
2021/12/02 07:37:52 [notice] 1#1: built by gcc 10.2.1 20210110 (Debian 10.2.1-6) 
2021/12/02 07:37:52 [notice] 1#1: OS: Linux 5.4.0-91-generic
2021/12/02 07:37:52 [notice] 1#1: getrlimit(RLIMIT_NOFILE): 1048576:1048576
2021/12/02 07:37:52 [notice] 1#1: start worker processes
2021/12/02 07:37:52 [notice] 1#1: start worker process 22
2021/12/02 07:37:52 [notice] 1#1: start worker process 23
2021/12/02 07:46:44 [error] 23#23: *1 FastCGI sent in stderr: "Primary script unknown" while reading response header from upstream, client: 172.22.0.1, server: , request: "GET / HTTP/1.1", upstream: "fastcgi://172.22.0.7:9000", host: "localhost:8000"
2021/12/02 07:46:45 [error] 23#23: *1 FastCGI sent in stderr: "Primary script unknown" while reading response header from upstream, client: 172.22.0.1, server: , request: "GET /favicon.ico HTTP/1.1", upstream: "fastcgi://172.22.0.7:9000", host: "localhost:8000", referrer: "http://localhost:8000/"
2021/12/02 07:46:51 [error] 22#22: *4 FastCGI sent in stderr: "Primary script unknown" while reading response header from upstream, client: 172.22.0.1, server: , request: "GET / HTTP/1.1", upstream: "fastcgi://172.22.0.4:9000", host: "localhost:8001"
2021/12/02 07:46:51 [error] 22#22: *4 FastCGI sent in stderr: "Primary script unknown" while reading response header from upstream, client: 172.22.0.1, server: , request: "GET /favicon.ico HTTP/1.1", upstream: "fastcgi://172.22.0.4:9000", host: "localhost:8001", referrer: "http://localhost:8001/"
2021/12/02 07:46:54 [error] 22#22: *7 FastCGI sent in stderr: "Primary script unknown" while reading response header from upstream, client: 172.22.0.1, server: , request: "GET / HTTP/1.1", upstream: "fastcgi://172.22.0.9:9000", host: "localhost:8002"
2021/12/02 07:46:55 [error] 22#22: *7 FastCGI sent in stderr: "Primary script unknown" while reading response header from upstream, client: 172.22.0.1, server: , request: "GET /favicon.ico HTTP/1.1", upstream: "fastcgi://172.22.0.9:9000", host: "localhost:8002", referrer: "http://localhost:8002/"
2021/12/02 07:46:57 [error] 23#23: *10 FastCGI sent in stderr: "Primary script unknown" while reading response header from upstream, client: 172.22.0.1, server: , request: "GET / HTTP/1.1", upstream: "fastcgi://172.22.0.5:9000", host: "localhost:8003"
2021/12/02 07:46:58 [error] 23#23: *10 FastCGI sent in stderr: "Primary script unknown" while reading response header from upstream, client: 172.22.0.1, server: , request: "GET /favicon.ico HTTP/1.1", upstream: "fastcgi://172.22.0.5:9000", host: "localhost:8003", referrer: "http://localhost:8003/"
2021/12/02 07:47:01 [error] 22#22: *13 FastCGI sent in stderr: "Primary script unknown" while reading response header from upstream, client: 172.22.0.1, server: , request: "GET / HTTP/1.1", upstream: "fastcgi://172.22.0.8:9000", host: "localhost:8004"
2021/12/02 07:47:01 [error] 22#22: *13 FastCGI sent in stderr: "Primary script unknown" while reading response header from upstream, client: 172.22.0.1, server: , request: "GET /favicon.ico HTTP/1.1", upstream: "fastcgi://172.22.0.8:9000", host: "localhost:8004", referrer: "http://localhost:8004/"
2021/12/02 07:47:04 [error] 23#23: *16 FastCGI sent in stderr: "Primary script unknown" while reading response header from upstream, client: 172.22.0.1, server: , request: "GET / HTTP/1.1", upstream: "fastcgi://172.22.0.10:9000", host: "localhost:8005"
2021/12/02 07:47:04 [error] 23#23: *16 FastCGI sent in stderr: "Primary script unknown" while reading response header from upstream, client: 172.22.0.1, server: , request: "GET /favicon.ico HTTP/1.1", upstream: "fastcgi://172.22.0.10:9000", host: "localhost:8005", referrer: "http://localhost:8005/"
2021/12/02 07:47:07 [error] 23#23: *19 FastCGI sent in stderr: "Primary script unknown" while reading response header from upstream, client: 172.22.0.1, server: , request: "GET / HTTP/1.1", upstream: "fastcgi://172.22.0.3:9000", host: "localhost:8006"
2021/12/02 07:47:08 [error] 23#23: *19 FastCGI sent in stderr: "Primary script unknown" while reading response header from upstream, client: 172.22.0.1, server: , request: "GET /favicon.ico HTTP/1.1", upstream: "fastcgi://172.22.0.3:9000", host: "localhost:8006", referrer: "http://localhost:8006/"
2021/12/02 07:47:31 [error] 22#22: *22 FastCGI sent in stderr: "Primary script unknown" while reading response header from upstream, client: 172.22.0.1, server: , request: "GET / HTTP/1.1", upstream: "fastcgi://172.22.0.6:9000", host: "localhost:8007"
2021/12/02 07:47:32 [error] 22#22: *22 FastCGI sent in stderr: "Primary script unknown" while reading response header from upstream, client: 172.22.0.1, server: , request: "GET /favicon.ico HTTP/1.1", upstream: "fastcgi://172.22.0.6:9000", host: "localhost:8007", referrer: "http://localhost:8007/"
2021/12/02 08:47:15 [notice] 1#1: using the "epoll" event method
2021/12/02 08:47:15 [notice] 1#1: nginx/1.21.4
2021/12/02 08:47:15 [notice] 1#1: built by gcc 10.2.1 20210110 (Debian 10.2.1-6) 
2021/12/02 08:47:15 [notice] 1#1: OS: Linux 5.4.0-91-generic
2021/12/02 08:47:15 [notice] 1#1: getrlimit(RLIMIT_NOFILE): 1048576:1048576
2021/12/02 08:47:15 [notice] 1#1: start worker processes
2021/12/02 08:47:15 [notice] 1#1: start worker process 22
2021/12/02 08:47:15 [notice] 1#1: start worker process 23
2021/12/02 08:48:00 [error] 22#22: *1 FastCGI sent in stderr: "Primary script unknown" while reading response header from upstream, client: 172.23.0.1, server: , request: "GET / HTTP/1.1", upstream: "fastcgi://172.23.0.9:9000", host: "localhost:8007"
2021/12/02 09:06:20 [notice] 1#1: using the "epoll" event method
2021/12/02 09:06:20 [notice] 1#1: nginx/1.21.4
2021/12/02 09:06:20 [notice] 1#1: built by gcc 10.2.1 20210110 (Debian 10.2.1-6) 
2021/12/02 09:06:20 [notice] 1#1: OS: Linux 5.4.0-91-generic
2021/12/02 09:06:20 [notice] 1#1: getrlimit(RLIMIT_NOFILE): 1048576:1048576
2021/12/02 09:06:20 [notice] 1#1: start worker processes
2021/12/02 09:06:20 [notice] 1#1: start worker process 22
2021/12/02 09:06:20 [notice] 1#1: start worker process 23
2021/12/02 09:12:01 [notice] 1#1: signal 3 (SIGQUIT) received, shutting down
2021/12/02 09:12:01 [notice] 22#22: gracefully shutting down
2021/12/02 09:12:01 [notice] 22#22: exiting
2021/12/02 09:12:01 [notice] 22#22: exit
2021/12/02 09:12:01 [notice] 23#23: gracefully shutting down
2021/12/02 09:12:01 [notice] 23#23: exiting
2021/12/02 09:12:01 [notice] 23#23: exit
2021/12/02 09:12:01 [notice] 1#1: signal 17 (SIGCHLD) received from 22
2021/12/02 09:12:01 [notice] 1#1: worker process 22 exited with code 0
2021/12/02 09:12:01 [notice] 1#1: signal 29 (SIGIO) received
2021/12/02 09:12:01 [notice] 1#1: signal 17 (SIGCHLD) received from 23
2021/12/02 09:12:01 [notice] 1#1: worker process 23 exited with code 0
2021/12/02 09:12:01 [notice] 1#1: exit
2021/12/02 09:17:34 [notice] 1#1: using the "epoll" event method
2021/12/02 09:17:34 [notice] 1#1: nginx/1.21.4
2021/12/02 09:17:34 [notice] 1#1: built by gcc 10.2.1 20210110 (Debian 10.2.1-6) 
2021/12/02 09:17:34 [notice] 1#1: OS: Linux 5.4.0-91-generic
2021/12/02 09:17:34 [notice] 1#1: getrlimit(RLIMIT_NOFILE): 1048576:1048576
2021/12/02 09:17:34 [notice] 1#1: start worker processes
2021/12/02 09:17:34 [notice] 1#1: start worker process 23
2021/12/02 09:17:34 [notice] 1#1: start worker process 24
2021/12/02 09:18:49 [notice] 1#1: signal 3 (SIGQUIT) received, shutting down
2021/12/02 09:18:49 [notice] 23#23: gracefully shutting down
2021/12/02 09:18:49 [notice] 24#24: gracefully shutting down
2021/12/02 09:18:49 [notice] 24#24: exiting
2021/12/02 09:18:49 [notice] 24#24: exit
2021/12/02 09:18:49 [notice] 23#23: exiting
2021/12/02 09:18:49 [notice] 23#23: exit
2021/12/02 09:18:49 [notice] 1#1: signal 17 (SIGCHLD) received from 23
2021/12/02 09:18:49 [notice] 1#1: worker process 23 exited with code 0
2021/12/02 09:18:49 [notice] 1#1: signal 29 (SIGIO) received
2021/12/02 09:18:49 [notice] 1#1: signal 17 (SIGCHLD) received from 24
2021/12/02 09:18:49 [notice] 1#1: worker process 24 exited with code 0
2021/12/02 09:18:49 [notice] 1#1: exit
2021/12/02 09:20:14 [notice] 1#1: using the "epoll" event method
2021/12/02 09:20:14 [notice] 1#1: nginx/1.21.4
2021/12/02 09:20:14 [notice] 1#1: built by gcc 10.2.1 20210110 (Debian 10.2.1-6) 
2021/12/02 09:20:14 [notice] 1#1: OS: Linux 5.4.0-91-generic
2021/12/02 09:20:14 [notice] 1#1: getrlimit(RLIMIT_NOFILE): 1048576:1048576
2021/12/02 09:20:14 [notice] 1#1: start worker processes
2021/12/02 09:20:14 [notice] 1#1: start worker process 22
2021/12/02 09:20:14 [notice] 1#1: start worker process 23
2021/12/02 09:21:22 [notice] 1#1: signal 3 (SIGQUIT) received, shutting down
2021/12/02 09:21:22 [notice] 23#23: gracefully shutting down
2021/12/02 09:21:22 [notice] 22#22: gracefully shutting down
2021/12/02 09:21:22 [notice] 23#23: exiting
2021/12/02 09:21:22 [notice] 22#22: exiting
2021/12/02 09:21:22 [notice] 22#22: exit
2021/12/02 09:21:22 [notice] 23#23: exit
2021/12/02 09:21:22 [notice] 1#1: signal 17 (SIGCHLD) received from 22
2021/12/02 09:21:22 [notice] 1#1: worker process 22 exited with code 0
2021/12/02 09:21:22 [notice] 1#1: worker process 23 exited with code 0
2021/12/02 09:21:22 [notice] 1#1: exit
2021/12/02 13:23:50 [notice] 1#1: using the "epoll" event method
2021/12/02 13:23:50 [notice] 1#1: nginx/1.21.4
2021/12/02 13:23:50 [notice] 1#1: built by gcc 10.2.1 20210110 (Debian 10.2.1-6) 
2021/12/02 13:23:50 [notice] 1#1: OS: Linux 5.4.0-91-generic
2021/12/02 13:23:50 [notice] 1#1: getrlimit(RLIMIT_NOFILE): 1048576:1048576
2021/12/02 13:23:50 [notice] 1#1: start worker processes
2021/12/02 13:23:50 [notice] 1#1: start worker process 23
2021/12/02 13:23:50 [notice] 1#1: start worker process 24
2021/12/02 13:24:20 [notice] 1#1: signal 3 (SIGQUIT) received, shutting down
2021/12/02 13:24:20 [notice] 23#23: gracefully shutting down
2021/12/02 13:24:20 [notice] 24#24: gracefully shutting down
2021/12/02 13:24:20 [notice] 23#23: exiting
2021/12/02 13:24:20 [notice] 24#24: exiting
2021/12/02 13:24:20 [notice] 23#23: exit
2021/12/02 13:24:20 [notice] 24#24: exit
2021/12/02 13:24:20 [notice] 1#1: signal 17 (SIGCHLD) received from 24
2021/12/02 13:24:20 [notice] 1#1: worker process 24 exited with code 0
2021/12/02 13:24:20 [notice] 1#1: signal 29 (SIGIO) received
2021/12/02 13:24:20 [notice] 1#1: signal 17 (SIGCHLD) received from 23
2021/12/02 13:24:20 [notice] 1#1: worker process 23 exited with code 0
2021/12/02 13:24:20 [notice] 1#1: exit
2021/12/02 13:25:13 [notice] 1#1: using the "epoll" event method
2021/12/02 13:25:13 [notice] 1#1: nginx/1.21.4
2021/12/02 13:25:13 [notice] 1#1: built by gcc 10.2.1 20210110 (Debian 10.2.1-6) 
2021/12/02 13:25:13 [notice] 1#1: OS: Linux 5.4.0-91-generic
2021/12/02 13:25:13 [notice] 1#1: getrlimit(RLIMIT_NOFILE): 1048576:1048576
2021/12/02 13:25:13 [notice] 1#1: start worker processes
2021/12/02 13:25:13 [notice] 1#1: start worker process 22
2021/12/02 13:25:13 [notice] 1#1: start worker process 23
2021/12/02 13:29:22 [notice] 1#1: signal 3 (SIGQUIT) received, shutting down
2021/12/02 13:29:22 [notice] 22#22: gracefully shutting down
2021/12/02 13:29:22 [notice] 23#23: gracefully shutting down
2021/12/02 13:29:22 [notice] 22#22: exiting
2021/12/02 13:29:22 [notice] 23#23: exiting
2021/12/02 13:29:22 [notice] 22#22: exit
2021/12/02 13:29:22 [notice] 23#23: exit
2021/12/02 13:29:22 [notice] 1#1: signal 17 (SIGCHLD) received from 22
2021/12/02 13:29:22 [notice] 1#1: worker process 22 exited with code 0
2021/12/02 13:29:22 [notice] 1#1: signal 29 (SIGIO) received
2021/12/02 13:29:22 [notice] 1#1: signal 17 (SIGCHLD) received from 23
2021/12/02 13:29:22 [notice] 1#1: worker process 23 exited with code 0
2021/12/02 13:29:22 [notice] 1#1: exit
2021/12/02 13:34:18 [notice] 1#1: using the "epoll" event method
2021/12/02 13:34:18 [notice] 1#1: nginx/1.21.4
2021/12/02 13:34:18 [notice] 1#1: built by gcc 10.2.1 20210110 (Debian 10.2.1-6) 
2021/12/02 13:34:18 [notice] 1#1: OS: Linux 5.4.0-91-generic
2021/12/02 13:34:18 [notice] 1#1: getrlimit(RLIMIT_NOFILE): 1048576:1048576
2021/12/02 13:34:18 [notice] 1#1: start worker processes
2021/12/02 13:34:18 [notice] 1#1: start worker process 22
2021/12/02 13:34:18 [notice] 1#1: start worker process 23
